0 info it worked if it ends with ok
1 verbose cli [ 'node',
1 verbose cli   '/home/someone1/.nvm/v0.10.24/bin/npm',
1 verbose cli   'link',
1 verbose cli   'url-to-screenshot' ]
2 info using npm@2.1.14
3 info using node@v0.10.24
4 warn invalid symbolic link url-to-screenshot
5 verbose unbuild node_modules/url-to-screenshot
6 verbose gentlyRm vacuuming /home/someone1/Downloads/url_to_image_to_ascii/node_modules/url-to-screenshot
7 verbose link symlinking /home/someone1/.nvm/v0.10.24/lib/node_modules/url-to-screenshot to /home/someone1/Downloads/url_to_image_to_ascii/node_modules/url-to-screenshot
8 verbose stack Error: ENOENT, stat '/home/someone1/.nvm/v0.10.24/lib/node_modules/url-to-screenshot'
9 verbose cwd /home/someone1/Downloads/url_to_image_to_ascii
10 error Linux 3.5.0-57-generic
11 error argv "node" "/home/someone1/.nvm/v0.10.24/bin/npm" "link" "url-to-screenshot"
12 error node v0.10.24
13 error npm  v2.1.14
14 error path /home/someone1/.nvm/v0.10.24/lib/node_modules/url-to-screenshot
15 error code ENOENT
16 error errno 34
17 error enoent ENOENT, stat '/home/someone1/.nvm/v0.10.24/lib/node_modules/url-to-screenshot'
17 error enoent This is most likely not a problem with npm itself
17 error enoent and is related to npm not being able to find a file.
18 verbose exit [ 34, true ]
